g++ -pthread -std=c++11 -lboost_program_options -lboost_filesystem -lboost_system -lboost_iostreams -g -O3 -L./lib -L/home/lr/kamigaito/local/boost/boost_1_63_0/lib -L/home/lr/kamigaito/Apps/dynet/build-cuda/lib -I./include -I/home/lr/kamigaito/local/boost/boost_1_63_0/include -I/home/lr/kamigaito/Apps/eigen/build/include/eigen3 -I/home/lr/kamigaito/Apps/dynet/build-cuda/include -I/include -c lib/seq2seq.cpp -o lib/seq2seq.o
In file included from lib/seq2seq.cpp:21:0:
./include/s2s/encdec.hpp: In member function ‘std::vector<dynet::expr::Expression> s2s::encoder_decoder::encoder(const s2s::batch&, dynet::ComputationGraph&)’:
./include/s2s/encdec.hpp:128:58: error: no match for ‘operator*’ (operand types are ‘dynet::expr::Expression’ and ‘std::vector<dynet::expr::Expression>’)
         dec_builder.start_new_sequence(tanh(i_dec_init_w * rev_enc_builder.final_s()) + p_dec_init_bias);
                                                          ^
./include/s2s/encdec.hpp:128:58: note: candidates are:
In file included from /home/lr/kamigaito/Apps/eigen/build/include/eigen3/Eigen/Core:78:0,
                 from /home/lr/kamigaito/Apps/eigen/build/include/eigen3/Eigen/Dense:1,
                 from /home/lr/kamigaito/Apps/eigen/build/include/eigen3/Eigen/Eigen:1,
                 from /home/lr/kamigaito/Apps/dynet/build-cuda/include/dynet/tensor.h:25,
                 from /home/lr/kamigaito/Apps/dynet/build-cuda/include/dynet/dynet.h:14,
                 from /home/lr/kamigaito/Apps/dynet/build-cuda/include/dynet/nodes.h:4,
                 from lib/seq2seq.cpp:1:
/usr/include/c++/4.8/complex:384:5: note: template<class _Tp> std::complex<_Tp> std::operator*(const std::complex<_Tp>&, const std::complex<_Tp>&)
     operator*(const complex<_Tp>& __x, const complex<_Tp>& __y)
     ^
/usr/include/c++/4.8/complex:384:5: note:   template argument deduction/substitution failed:
In file included from lib/seq2seq.cpp:21:0:
./include/s2s/encdec.hpp:128:84: note:   ‘dynet::expr::Expression’ is not derived from ‘const std::complex<_Tp>’
         dec_builder.start_new_sequence(tanh(i_dec_init_w * rev_enc_builder.final_s()) + p_dec_init_bias);
                                                                                    ^
In file included from /home/lr/kamigaito/Apps/eigen/build/include/eigen3/Eigen/Core:78:0,
                 from /home/lr/kamigaito/Apps/eigen/build/include/eigen3/Eigen/Dense:1,
                 from /home/lr/kamigaito/Apps/eigen/build/include/eigen3/Eigen/Eigen:1,
                 from /home/lr/kamigaito/Apps/dynet/build-cuda/include/dynet/tensor.h:25,
                 from /home/lr/kamigaito/Apps/dynet/build-cuda/include/dynet/dynet.h:14,
                 from /home/lr/kamigaito/Apps/dynet/build-cuda/include/dynet/nodes.h:4,
                 from lib/seq2seq.cpp:1:
/usr/include/c++/4.8/complex:393:5: note: template<class _Tp> std::complex<_Tp> std::operator*(const std::complex<_Tp>&, const _Tp&)
     operator*(const complex<_Tp>& __x, const _Tp& __y)
     ^
/usr/include/c++/4.8/complex:393:5: note:   template argument deduction/substitution failed:
In file included from lib/seq2seq.cpp:21:0:
./include/s2s/encdec.hpp:128:84: note:   ‘dynet::expr::Expression’ is not derived from ‘const std::complex<_Tp>’
         dec_builder.start_new_sequence(tanh(i_dec_init_w * rev_enc_builder.final_s()) + p_dec_init_bias);
                                                                                    ^
In file included from /home/lr/kamigaito/Apps/eigen/build/include/eigen3/Eigen/Core:78:0,
                 from /home/lr/kamigaito/Apps/eigen/build/include/eigen3/Eigen/Dense:1,
                 from /home/lr/kamigaito/Apps/eigen/build/include/eigen3/Eigen/Eigen:1,
                 from /home/lr/kamigaito/Apps/dynet/build-cuda/include/dynet/tensor.h:25,
                 from /home/lr/kamigaito/Apps/dynet/build-cuda/include/dynet/dynet.h:14,
                 from /home/lr/kamigaito/Apps/dynet/build-cuda/include/dynet/nodes.h:4,
                 from lib/seq2seq.cpp:1:
/usr/include/c++/4.8/complex:402:5: note: template<class _Tp> std::complex<_Tp> std::operator*(const _Tp&, const std::complex<_Tp>&)
     operator*(const _Tp& __x, const complex<_Tp>& __y)
     ^
/usr/include/c++/4.8/complex:402:5: note:   template argument deduction/substitution failed:
In file included from lib/seq2seq.cpp:21:0:
./include/s2s/encdec.hpp:128:84: note:   ‘std::vector<dynet::expr::Expression>’ is not derived from ‘const std::complex<_Tp>’
         dec_builder.start_new_sequence(tanh(i_dec_init_w * rev_enc_builder.final_s()) + p_dec_init_bias);
                                                                                    ^
In file included from /home/lr/kamigaito/Apps/dynet/build-cuda/include/dynet/rnn.h:16:0,
                 from lib/seq2seq.cpp:5:
/home/lr/kamigaito/Apps/dynet/build-cuda/include/dynet/expr.h:462:19: note: dynet::expr::Expression dynet::expr::operator*(float, const dynet::expr::Expression&)
 inline Expression operator*(float y, const Expression& x) { return x * y; }
                   ^
/home/lr/kamigaito/Apps/dynet/build-cuda/include/dynet/expr.h:462:19: note:   no known conversion for argument 1 from ‘dynet::expr::Expression’ to ‘float’
/home/lr/kamigaito/Apps/dynet/build-cuda/include/dynet/expr.h:450:12: note: dynet::expr::Expression dynet::expr::operator*(const dynet::expr::Expression&, float)
 Expression operator*(const Expression& x, float y);
            ^
/home/lr/kamigaito/Apps/dynet/build-cuda/include/dynet/expr.h:450:12: note:   no known conversion for argument 2 from ‘std::vector<dynet::expr::Expression>’ to ‘float’
/home/lr/kamigaito/Apps/dynet/build-cuda/include/dynet/expr.h:438:12: note: dynet::expr::Expression dynet::expr::operator*(const dynet::expr::Expression&, const dynet::expr::Expression&)
 Expression operator*(const Expression& x, const Expression& y);
            ^
/home/lr/kamigaito/Apps/dynet/build-cuda/include/dynet/expr.h:438:12: note:   no known conversion for argument 2 from ‘std::vector<dynet::expr::Expression>’ to ‘const dynet::expr::Expression&’
In file included from lib/seq2seq.cpp:21:0:
./include/s2s/encdec.hpp: In member function ‘dynet::expr::Expression s2s::encoder_decoder::decoder_attention(dynet::ComputationGraph&, std::vector<unsigned int>, dynet::expr::Expression)’:
./include/s2s/encdec.hpp:138:9: error: ‘dec_builder’ is not a member of ‘dynet’
         dynet::dec_builder.add_input(input);
         ^
In file included from ./include/s2s/encdec.hpp:22:0,
                 from ./include/s2s/decode.hpp:21,
                 from lib/seq2seq.cpp:22:
./include/s2s/options.hpp: At global scope:
./include/s2s/options.hpp:5:11: error: redefinition of ‘class s2s::s2s_options’
     class s2s_options {
           ^
In file included from ./include/s2s/encdec.hpp:22:0,
                 from lib/seq2seq.cpp:21:
./include/s2s/options.hpp:5:11: error: previous definition of ‘class s2s::s2s_options’
     class s2s_options {
           ^
In file included from ./include/s2s/encdec.hpp:22:0,
                 from ./include/s2s/decode.hpp:21,
                 from lib/seq2seq.cpp:22:
./include/s2s/options.hpp: In function ‘void s2s::set_options(boost::program_options::options_description&, s2s::s2s_options&)’:
./include/s2s/options.hpp:90:10: error: redefinition of ‘void s2s::set_options(boost::program_options::options_description&, s2s::s2s_options&)’
     void set_options(boost::program_options::options_description &bpo, s2s_options &opts){
          ^
In file included from ./include/s2s/encdec.hpp:22:0,
                 from lib/seq2seq.cpp:21:
./include/s2s/options.hpp:90:10: error: ‘void s2s::set_options(boost::program_options::options_description&, s2s::s2s_options&)’ previously defined here
     void set_options(boost::program_options::options_description &bpo, s2s_options &opts){
          ^
In file included from ./include/s2s/encdec.hpp:22:0,
                 from ./include/s2s/decode.hpp:21,
                 from lib/seq2seq.cpp:22:
./include/s2s/options.hpp: In function ‘void s2s::add_options(const boost::program_options::variables_map&, s2s::s2s_options&)’:
./include/s2s/options.hpp:131:10: error: redefinition of ‘void s2s::add_options(const boost::program_options::variables_map&, s2s::s2s_options&)’
     void add_options(const boost::program_options::variables_map &vm, s2s_options &opts){
          ^
In file included from ./include/s2s/encdec.hpp:22:0,
                 from lib/seq2seq.cpp:21:
./include/s2s/options.hpp:131:10: error: ‘void s2s::add_options(const boost::program_options::variables_map&, s2s::s2s_options&)’ previously defined here
     void add_options(const boost::program_options::variables_map &vm, s2s_options &opts){
          ^
In file included from ./include/s2s/encdec.hpp:22:0,
                 from ./include/s2s/decode.hpp:21,
                 from lib/seq2seq.cpp:22:
./include/s2s/options.hpp: In function ‘bool s2s::check_options(const boost::program_options::variables_map&, const boost::program_options::options_description&)’:
./include/s2s/options.hpp:146:10: error: redefinition of ‘bool s2s::check_options(const boost::program_options::variables_map&, const boost::program_options::options_description&)’
     bool check_options(const boost::program_options::variables_map &vm, const boost::program_options::options_description &opts){
          ^
In file included from ./include/s2s/encdec.hpp:22:0,
                 from lib/seq2seq.cpp:21:
./include/s2s/options.hpp:146:10: error: ‘bool s2s::check_options(const boost::program_options::variables_map&, const boost::program_options::options_description&)’ previously defined here
     bool check_options(const boost::program_options::variables_map &vm, const boost::program_options::options_description &opts){
          ^
In file included from ./include/s2s/decode.hpp:25:0,
                 from lib/seq2seq.cpp:22:
./include/s2s/metrics.hpp: In function ‘double s2s::f_measure(Sent&, Sent&, dynet::Dict&, dynet::Dict&)’:
./include/s2s/metrics.hpp:14:28: error: ‘class dynet::Dict’ has no member named ‘Convert’
             word_src[d_src.Convert(i)] = true;
                            ^
./include/s2s/metrics.hpp:18:28: error: ‘class dynet::Dict’ has no member named ‘Convert’
             word_trg[d_trg.Convert(o)] = true;
                            ^
./include/s2s/metrics.hpp:19:37: error: ‘class dynet::Dict’ has no member named ‘Convert’
             if(word_src.count(d_trg.Convert(o)) > 0){
                                     ^
./include/s2s/metrics.hpp:29:37: error: ‘class dynet::Dict’ has no member named ‘Convert’
             if(word_trg.count(d_trg.Convert(i)) > 0){
                                     ^
In file included from lib/seq2seq.cpp:22:0:
./include/s2s/decode.hpp: At global scope:
./include/s2s/decode.hpp:30:122: error: ‘ComputationGraph’ has not been declared
     void greedy_decode(const batch& one_batch, std::vector<std::vector<unsigned int > >& osent, encoder_decoder *encdec, ComputationGraph &cg, const dicts &d, const options &opts){
                                                                                                                          ^
In file included from lib/seq2seq.cpp:22:0:
./include/s2s/decode.hpp:30:166: error: ‘options’ does not name a type
     void greedy_decode(const batch& one_batch, std::vector<std::vector<unsigned int > >& osent, encoder_decoder *encdec, ComputationGraph &cg, const dicts &d, const options &opts){
                                                                                                                                                                      ^
./include/s2s/decode.hpp:30:175: error: ISO C++ forbids declaration of ‘opts’ with no type [-fpermissive]
     void greedy_decode(const batch& one_batch, std::vector<std::vector<unsigned int > >& osent, encoder_decoder *encdec, ComputationGraph &cg, const dicts &d, const options &opts){
                                                                                                                                                                               ^
./include/s2s/decode.hpp: In function ‘void s2s::greedy_decode(const s2s::batch&, std::vector<std::vector<unsigned int> >&, s2s::encoder_decoder*, int&, const s2s::dicts&, const int&)’:
./include/s2s/decode.hpp:32:42: error: no matching function for call to ‘s2s::encoder_decoder::encoder(const std::vector<std::vector<std::vector<unsigned int> > >&, int&)’
         encdec->encoder(one_batch.src, cg);
                                          ^
./include/s2s/decode.hpp:32:42: note: candidate is:
In file included from lib/seq2seq.cpp:21:0:
./include/s2s/encdec.hpp:87:42: note: std::vector<dynet::expr::Expression> s2s::encoder_decoder::encoder(const s2s::batch&, dynet::ComputationGraph&)
     std::vector<dynet::expr::Expression> encoder(const batch &one_batch, dynet::ComputationGraph& cg) {
                                          ^
./include/s2s/encdec.hpp:87:42: note:   no known conversion for argument 1 from ‘const std::vector<std::vector<std::vector<unsigned int> > >’ to ‘const s2s::batch&’
In file included from lib/seq2seq.cpp:22:0:
./include/s2s/decode.hpp:33:80: error: ‘const class s2s::batch’ has no member named ‘at’
         osent.push_back(std::vector<unsigned int>(d.target_start_id, one_batch.at(0).size()));
                                                                                ^
./include/s2s/decode.hpp:35:34: error: request for member ‘max_length’ in ‘opts’, which is of non-class type ‘const int’
         for (int t = 1; t < opts.max_length; ++t) {
                                  ^
./include/s2s/decode.hpp:36:82: error: no matching function for call to ‘s2s::encoder_decoder::decoder_attention(int&, __gnu_cxx::__alloc_traits<std::allocator<std::vector<unsigned int> > >::value_type&, dynet::expr::Expression&)’
             Expression i_att_t = encdec->decoder_attention(cg, osent[t-1], i_feed);
                                                                                  ^
./include/s2s/decode.hpp:36:82: note: candidate is:
In file included from lib/seq2seq.cpp:21:0:
./include/s2s/encdec.hpp:131:29: note: dynet::expr::Expression s2s::encoder_decoder::decoder_attention(dynet::ComputationGraph&, std::vector<unsigned int>, dynet::expr::Expression)
     dynet::expr::Expression decoder_attention(dynet::ComputationGraph& cg, const std::vector<unsigned int> prev, dynet::expr::Expression i_feed){
                             ^
./include/s2s/encdec.hpp:131:29: note:   no known conversion for argument 1 from ‘int’ to ‘dynet::ComputationGraph&’
In file included from lib/seq2seq.cpp:22:0:
./include/s2s/decode.hpp:37:88: error: no matching function for call to ‘s2s::encoder_decoder::decoder_output(int&, dynet::expr::Expression&)’
             std::vector<dynet::Expression> i_out_t = encdec->decoder_output(cg, i_att_t);
                                                                                        ^
./include/s2s/decode.hpp:37:88: note: candidate is:
In file included from lib/seq2seq.cpp:21:0:
./include/s2s/encdec.hpp:148:42: note: std::vector<dynet::expr::Expression> s2s::encoder_decoder::decoder_output(dynet::ComputationGraph&, dynet::expr::Expression)
     std::vector<dynet::expr::Expression> decoder_output(dynet::ComputationGraph& cg, dynet::expr::Expression i_att_pred_t){
                                          ^
./include/s2s/encdec.hpp:148:42: note:   no known conversion for argument 1 from ‘int’ to ‘dynet::ComputationGraph&’
In file included from lib/seq2seq.cpp:22:0:
./include/s2s/decode.hpp:40:53: error: request for member ‘incremental_forward’ in ‘cg’, which is of non-class type ‘int’
             std::vector<dynet::Tensor> results = cg.incremental_forward().batch_elems();
                                                     ^
./include/s2s/decode.hpp: In function ‘std::string s2s::print_sents(std::vector<std::vector<unsigned int> >&, const s2s::dicts&)’:
./include/s2s/decode.hpp:64:9: error: ‘sents_conved’ was not declared in this scope
         sents_conved.resize(osent.size());
         ^
./include/s2s/decode.hpp:70:31: error: unable to deduce ‘auto&&’ from ‘sents_conved’
         for(const auto sent : sents_conved){
                               ^
./include/s2s/decode.hpp:71:34: error: unable to deduce ‘auto&&’ from ‘sent’
             for(const auto wid : sent){
                                  ^
./include/s2s/decode.hpp:72:36: error: ‘d_trg’ was not declared in this scope
                 std::string word = d_trg.Convert(wid);
                                    ^
./include/s2s/decode.hpp:79:19: error: no match for ‘operator+=’ (operand types are ‘std::string {aka std::basic_string<char>}’ and ‘<unresolved overloaded function type>’)
             sents += std::endl;
                   ^
./include/s2s/decode.hpp:79:19: note: candidates are:
In file included from /usr/include/c++/4.8/string:52:0,
                 from /home/lr/kamigaito/Apps/dynet/build-cuda/include/dynet/dynet.h:4,
                 from /home/lr/kamigaito/Apps/dynet/build-cuda/include/dynet/nodes.h:4,
                 from lib/seq2seq.cpp:1:
/usr/include/c++/4.8/bits/basic_string.h:932:7: note: std::basic_string<_CharT, _Traits, _Alloc>& std::basic_string<_CharT, _Traits, _Alloc>::operator+=(const std::basic_string<_CharT, _Traits, _Alloc>&) [with _CharT = char; _Traits = std::char_traits<char>; _Alloc = std::allocator<char>]
       operator+=(const basic_string& __str)
       ^
/usr/include/c++/4.8/bits/basic_string.h:932:7: note:   no known conversion for argument 1 from ‘<unresolved overloaded function type>’ to ‘const std::basic_string<char>&’
/usr/include/c++/4.8/bits/basic_string.h:941:7: note: std::basic_string<_CharT, _Traits, _Alloc>& std::basic_string<_CharT, _Traits, _Alloc>::operator+=(const _CharT*) [with _CharT = char; _Traits = std::char_traits<char>; _Alloc = std::allocator<char>]
       operator+=(const _CharT* __s)
       ^
/usr/include/c++/4.8/bits/basic_string.h:941:7: note:   no known conversion for argument 1 from ‘<unresolved overloaded function type>’ to ‘const char*’
/usr/include/c++/4.8/bits/basic_string.h:950:7: note: std::basic_string<_CharT, _Traits, _Alloc>& std::basic_string<_CharT, _Traits, _Alloc>::operator+=(_CharT) [with _CharT = char; _Traits = std::char_traits<char>; _Alloc = std::allocator<char>]
       operator+=(_CharT __c)
       ^
/usr/include/c++/4.8/bits/basic_string.h:950:7: note:   no known conversion for argument 1 from ‘<unresolved overloaded function type>’ to ‘char’
/usr/include/c++/4.8/bits/basic_string.h:963:7: note: std::basic_string<_CharT, _Traits, _Alloc>& std::basic_string<_CharT, _Traits, _Alloc>::operator+=(std::initializer_list<_Tp>) [with _CharT = char; _Traits = std::char_traits<char>; _Alloc = std::allocator<char>]
       operator+=(initializer_list<_CharT> __l)
       ^
/usr/include/c++/4.8/bits/basic_string.h:963:7: note:   no known conversion for argument 1 from ‘<unresolved overloaded function type>’ to ‘std::initializer_list<char>’
In file included from lib/seq2seq.cpp:27:0:
./include/s2s/options.hpp: At global scope:
./include/s2s/options.hpp:5:11: error: redefinition of ‘class s2s::s2s_options’
     class s2s_options {
           ^
In file included from ./include/s2s/encdec.hpp:22:0,
                 from lib/seq2seq.cpp:21:
./include/s2s/options.hpp:5:11: error: previous definition of ‘class s2s::s2s_options’
     class s2s_options {
           ^
In file included from lib/seq2seq.cpp:27:0:
./include/s2s/options.hpp: In function ‘void s2s::set_options(boost::program_options::options_description&, s2s::s2s_options&)’:
./include/s2s/options.hpp:90:10: error: redefinition of ‘void s2s::set_options(boost::program_options::options_description&, s2s::s2s_options&)’
     void set_options(boost::program_options::options_description &bpo, s2s_options &opts){
          ^
In file included from ./include/s2s/encdec.hpp:22:0,
                 from lib/seq2seq.cpp:21:
./include/s2s/options.hpp:90:10: error: ‘void s2s::set_options(boost::program_options::options_description&, s2s::s2s_options&)’ previously defined here
     void set_options(boost::program_options::options_description &bpo, s2s_options &opts){
          ^
In file included from lib/seq2seq.cpp:27:0:
./include/s2s/options.hpp: In function ‘void s2s::add_options(const boost::program_options::variables_map&, s2s::s2s_options&)’:
./include/s2s/options.hpp:131:10: error: redefinition of ‘void s2s::add_options(const boost::program_options::variables_map&, s2s::s2s_options&)’
     void add_options(const boost::program_options::variables_map &vm, s2s_options &opts){
          ^
In file included from ./include/s2s/encdec.hpp:22:0,
                 from lib/seq2seq.cpp:21:
./include/s2s/options.hpp:131:10: error: ‘void s2s::add_options(const boost::program_options::variables_map&, s2s::s2s_options&)’ previously defined here
     void add_options(const boost::program_options::variables_map &vm, s2s_options &opts){
          ^
In file included from lib/seq2seq.cpp:27:0:
./include/s2s/options.hpp: In function ‘bool s2s::check_options(const boost::program_options::variables_map&, const boost::program_options::options_description&)’:
./include/s2s/options.hpp:146:10: error: redefinition of ‘bool s2s::check_options(const boost::program_options::variables_map&, const boost::program_options::options_description&)’
     bool check_options(const boost::program_options::variables_map &vm, const boost::program_options::options_description &opts){
          ^
In file included from ./include/s2s/encdec.hpp:22:0,
                 from lib/seq2seq.cpp:21:
./include/s2s/options.hpp:146:10: error: ‘bool s2s::check_options(const boost::program_options::variables_map&, const boost::program_options::options_description&)’ previously defined here
     bool check_options(const boost::program_options::variables_map &vm, const boost::program_options::options_description &opts){
          ^
lib/seq2seq.cpp: In function ‘void s2s::train(const s2s::s2s_options&)’:
lib/seq2seq.cpp:40:23: error: expected type-specifier before ‘SimpleSGDTrainer’
         trainer = new SimpleSGDTrainer(&model);
                       ^
lib/seq2seq.cpp:40:23: error: expected ‘;’ before ‘SimpleSGDTrainer’
lib/seq2seq.cpp:42:23: error: expected type-specifier before ‘MomentumSGDTrainer’
         trainer = new MomentumSGDTrainer(&model);
                       ^
lib/seq2seq.cpp:42:23: error: expected ‘;’ before ‘MomentumSGDTrainer’
lib/seq2seq.cpp:44:23: error: expected type-specifier before ‘AdagradTrainer’
         trainer = new AdagradTrainer(&model);
                       ^
lib/seq2seq.cpp:44:23: error: expected ‘;’ before ‘AdagradTrainer’
lib/seq2seq.cpp:46:23: error: expected type-specifier before ‘AdadeltaTrainer’
         trainer = new AdadeltaTrainer(&model);
                       ^
lib/seq2seq.cpp:46:23: error: expected ‘;’ before ‘AdadeltaTrainer’
lib/seq2seq.cpp:48:23: error: expected type-specifier before ‘AdamTrainer’
         trainer = new AdamTrainer(&model);
                       ^
lib/seq2seq.cpp:48:23: error: expected ‘;’ before ‘AdamTrainer’
lib/seq2seq.cpp:59:64: error: no matching function for call to ‘s2s::parallel_corpus::train_batch(s2s::batch&, const unsigned int&)’
         while(para_corp.train_batch(one_batch, opts.max_batch_l)){
                                                                ^
lib/seq2seq.cpp:59:64: note: candidate is:
In file included from ./include/s2s/encdec.hpp:23:0,
                 from lib/seq2seq.cpp:21:
./include/s2s/corpora.hpp:195:14: note: bool s2s::parallel_corpus::train_batch(s2s::batch&, unsigned int, s2s::dicts&)
         bool train_batch(batch& batch_local, const unsigned int batch_size, dicts &d){
              ^
./include/s2s/corpora.hpp:195:14: note:   candidate expects 3 arguments, 2 provided
lib/seq2seq.cpp:60:13: error: ‘ComputationGraph’ was not declared in this scope
             ComputationGraph cg;
             ^
lib/seq2seq.cpp:60:13: note: suggested alternative:
In file included from /home/lr/kamigaito/Apps/dynet/build-cuda/include/dynet/nodes.h:4:0,
                 from lib/seq2seq.cpp:1:
/home/lr/kamigaito/Apps/dynet/build-cuda/include/dynet/dynet.h:60:8: note:   ‘dynet::ComputationGraph’
 struct ComputationGraph {
        ^
lib/seq2seq.cpp:60:30: error: expected ‘;’ before ‘cg’
             ComputationGraph cg;
                              ^
lib/seq2seq.cpp:63:44: error: ‘cg’ was not declared in this scope
             encdec->encoder(one_batch.src, cg);
                                            ^
lib/seq2seq.cpp:69:66: error: ‘as_scalar’ was not declared in this scope
                     loss_att += as_scalar(cg.incremental_foward());
                                                                  ^
lib/seq2seq.cpp:69:66: note: suggested alternative:
In file included from /home/lr/kamigaito/Apps/dynet/build-cuda/include/dynet/dynet.h:14:0,
                 from /home/lr/kamigaito/Apps/dynet/build-cuda/include/dynet/nodes.h:4,
                 from lib/seq2seq.cpp:1:
/home/lr/kamigaito/Apps/dynet/build-cuda/include/dynet/tensor.h:282:6: note:   ‘dynet::as_scalar’
 real as_scalar(const Tensor& t);
      ^
lib/seq2seq.cpp:71:70: error: ‘class s2s::batch’ has no member named ‘bsize’
                     trainer->update(align_w * 1.0 / double(one_batch.bsize));
                                                                      ^
lib/seq2seq.cpp:77:62: error: ‘as_scalar’ was not declared in this scope
                 loss_att += as_scalar(cg.incremental_foward());
                                                              ^
lib/seq2seq.cpp:77:62: note: suggested alternative:
In file included from /home/lr/kamigaito/Apps/dynet/build-cuda/include/dynet/dynet.h:14:0,
                 from /home/lr/kamigaito/Apps/dynet/build-cuda/include/dynet/nodes.h:4,
                 from lib/seq2seq.cpp:1:
/home/lr/kamigaito/Apps/dynet/build-cuda/include/dynet/tensor.h:282:6: note:   ‘dynet::as_scalar’
 real as_scalar(const Tensor& t);
      ^
lib/seq2seq.cpp:79:56: error: ‘class s2s::batch’ has no member named ‘bsize’
                 trainer->update(1.0 / double(one_batch.bsize));
                                                        ^
lib/seq2seq.cpp:88:62: error: no matching function for call to ‘s2s::parallel_corpus::dev_batch(s2s::batch&, const unsigned int&)’
         while(para_corp.dev_batch(one_batch, opts.max_batch_l)){
                                                              ^
lib/seq2seq.cpp:88:62: note: candidate is:
In file included from ./include/s2s/encdec.hpp:23:0,
                 from lib/seq2seq.cpp:21:
./include/s2s/corpora.hpp:203:14: note: bool s2s::parallel_corpus::dev_batch(s2s::batch&, unsigned int, s2s::dicts&)
         bool dev_batch(batch& batch_local, const unsigned int batch_size, dicts &d){
              ^
./include/s2s/corpora.hpp:203:14: note:   candidate expects 3 arguments, 2 provided
lib/seq2seq.cpp:91:42: error: ‘class s2s::parallel_corpus’ has no member named ‘src_dev’
             s2s::greedy_decode(para_corp.src_dev.at(sid), osent, encdec, cg, opts);
                                          ^
lib/seq2seq.cpp:91:53: error: ‘sid’ was not declared in this scope
             s2s::greedy_decode(para_corp.src_dev.at(sid), osent, encdec, cg, opts);
                                                     ^
lib/seq2seq.cpp:92:50: error: ‘d_trg’ was not declared in this scope
             dev_sents << s2s::print_sents(osent, d_trg);
                                                  ^
lib/seq2seq.cpp: In function ‘int main(int, char**)’:
lib/seq2seq.cpp:109:29: error: invalid initialization of non-const reference of type ‘s2s::s2s_options&’ from an rvalue of type ‘s2s::s2s_options (*)()’
   s2s::set_options(bpo, opts);
                             ^
In file included from ./include/s2s/encdec.hpp:22:0,
                 from lib/seq2seq.cpp:21:
./include/s2s/options.hpp:90:10: error: in passing argument 2 of ‘void s2s::set_options(boost::program_options::options_description&, s2s::s2s_options&)’
     void set_options(boost::program_options::options_description &bpo, s2s_options &opts){
          ^
lib/seq2seq.cpp:113:29: error: invalid initialization of non-const reference of type ‘s2s::s2s_options&’ from an rvalue of type ‘s2s::s2s_options (*)()’
   s2s::add_options(&vm, opts);
                             ^
In file included from ./include/s2s/encdec.hpp:22:0,
                 from lib/seq2seq.cpp:21:
./include/s2s/options.hpp:131:10: error: in passing argument 2 of ‘void s2s::add_options(const boost::program_options::variables_map&, s2s::s2s_options&)’
     void add_options(const boost::program_options::variables_map &vm, s2s_options &opts){
          ^
lib/seq2seq.cpp:114:31: error: invalid user-defined conversion from ‘s2s::s2s_options()’ to ‘const boost::program_options::options_description&’ [-fpermissive]
   s2s::check_options(&vm, opts);
                               ^
In file included from /home/lr/kamigaito/local/boost/boost_1_63_0/include/boost/program_options.hpp:15:0,
                 from lib/seq2seq.cpp:19:
/home/lr/kamigaito/local/boost/boost_1_63_0/include/boost/program_options/options_description.hpp:178:9: note: candidate is: boost::program_options::options_description::options_description(unsigned int, unsigned int) <near match>
         options_description(unsigned line_length = m_default_line_length,
         ^
/home/lr/kamigaito/local/boost/boost_1_63_0/include/boost/program_options/options_description.hpp:178:9: note:   no known conversion for argument 1 from ‘s2s::s2s_options()’ to ‘unsigned int’
lib/seq2seq.cpp:114:31: error: invalid conversion from ‘s2s::s2s_options (*)()’ to ‘unsigned int’ [-fpermissive]
   s2s::check_options(&vm, opts);
                               ^
In file included from /home/lr/kamigaito/local/boost/boost_1_63_0/include/boost/program_options.hpp:15:0,
                 from lib/seq2seq.cpp:19:
/home/lr/kamigaito/local/boost/boost_1_63_0/include/boost/program_options/options_description.hpp:178:9: error:   initializing argument 1 of ‘boost::program_options::options_description::options_description(unsigned int, unsigned int)’ [-fpermissive]
         options_description(unsigned line_length = m_default_line_length,
         ^
lib/seq2seq.cpp:115:3: error: ‘Initialize’ is not a member of ‘dynet’
   dynet::Initialize(argc, argv);
   ^
lib/seq2seq.cpp:116:14: error: ‘ops’ was not declared in this scope
   s2s::train(ops);
              ^
In file included from /home/lr/kamigaito/local/boost/boost_1_63_0/include/boost/concept/assert.hpp:35:0,
                 from /home/lr/kamigaito/local/boost/boost_1_63_0/include/boost/concept_check.hpp:20,
                 from /home/lr/kamigaito/local/boost/boost_1_63_0/include/boost/range/concepts.hpp:19,
                 from /home/lr/kamigaito/local/boost/boost_1_63_0/include/boost/range/size_type.hpp:20,
                 from /home/lr/kamigaito/local/boost/boost_1_63_0/include/boost/range/size.hpp:21,
                 from /home/lr/kamigaito/local/boost/boost_1_63_0/include/boost/range/functions.hpp:20,
                 from /home/lr/kamigaito/local/boost/boost_1_63_0/include/boost/range/iterator_range_core.hpp:38,
                 from /home/lr/kamigaito/local/boost/boost_1_63_0/include/boost/lexical_cast.hpp:30,
                 from /home/lr/kamigaito/local/boost/boost_1_63_0/include/boost/program_options/value_semantic.hpp:14,
                 from /home/lr/kamigaito/local/boost/boost_1_63_0/include/boost/program_options/options_description.hpp:13,
                 from /home/lr/kamigaito/local/boost/boost_1_63_0/include/boost/program_options.hpp:15,
                 from lib/seq2seq.cpp:19:
/home/lr/kamigaito/local/boost/boost_1_63_0/include/boost/algorithm/string/iter_find.hpp: In instantiation of ‘SequenceSequenceT& boost::algorithm::iter_split(SequenceSequenceT&, RangeT&, FinderT) [with SequenceSequenceT = std::vector<std::basic_string<char> >; RangeT = const unsigned int; FinderT = boost::algorithm::detail::token_finderF<boost::algorithm::detail::is_any_ofF<char> >]’:
/home/lr/kamigaito/local/boost/boost_1_63_0/include/boost/algorithm/string/split.hpp:149:69:   required from ‘SequenceSequenceT& boost::algorithm::split(SequenceSequenceT&, RangeT&, PredicateT, boost::algorithm::token_compress_mode_type) [with SequenceSequenceT = std::vector<std::basic_string<char> >; RangeT = const unsigned int; PredicateT = boost::algorithm::detail::is_any_ofF<char>]’
./include/s2s/options.hpp:134:125:   required from here
/home/lr/kamigaito/local/boost/boost_1_63_0/include/boost/algorithm/string/iter_find.hpp:77:13: error: no type named ‘type’ in ‘struct boost::range_iterator<const unsigned int, void>’
             BOOST_CONCEPT_ASSERT((
             ^
In file included from /home/lr/kamigaito/local/boost/boost_1_63_0/include/boost/algorithm/string/split.hpp:16:0,
                 from /home/lr/kamigaito/local/boost/boost_1_63_0/include/boost/algorithm/string.hpp:23,
                 from ./include/s2s/options.hpp:1,
                 from ./include/s2s/encdec.hpp:22,
                 from lib/seq2seq.cpp:21:
/home/lr/kamigaito/local/boost/boost_1_63_0/include/boost/algorithm/string/iter_find.hpp:153:80: error: no type named ‘type’ in ‘struct boost::range_iterator<const unsigned int, void>’
             iterator_range<BOOST_STRING_TYPENAME range_iterator<RangeT>::type> lit_input(::boost::as_literal(Input));
                                                                                ^
/home/lr/kamigaito/local/boost/boost_1_63_0/include/boost/algorithm/string/iter_find.hpp:156:46: error: no type named ‘type’ in ‘struct boost::range_iterator<const unsigned int, void>’
                 range_iterator<RangeT>::type input_iterator_type;
                                              ^
/home/lr/kamigaito/local/boost/boost_1_63_0/include/boost/algorithm/string/iter_find.hpp:157:57: error: no type named ‘type’ in ‘struct boost::range_iterator<const unsigned int, void>’
             typedef split_iterator<input_iterator_type> find_iterator_type;
                                                         ^
/home/lr/kamigaito/local/boost/boost_1_63_0/include/boost/algorithm/string/iter_find.hpp:161:38: error: no type named ‘type’ in ‘struct boost::range_iterator<const unsigned int, void>’
                 input_iterator_type> copy_range_type;
                                      ^
/home/lr/kamigaito/local/boost/boost_1_63_0/include/boost/algorithm/string/iter_find.hpp:166:17: error: no type named ‘type’ in ‘struct boost::range_iterator<const unsigned int, void>’
                 transform_iter_type;
                 ^
make: *** [lib/seq2seq.o] Error 1
